<?xml version="1.0" encoding="UTF-8" ?>
<testsuite tests="45" failures="0" name="at.fhj.iit.StringQueueTest" time="2.73" errors="0" skipped="0">
  <properties>
[...]
</properties>
  <testcase classname="at.fhj.iit.StringQueueTest" name="testOfferMaxSizeBig" time="1.77"/>
  <testcase classname="at.fhj.iit.StringQueueTest" name="testOneStringWithPoll1Big" time="0"/>
  <testcase classname="at.fhj.iit.StringQueueTest" name="testOneStringWithPoll2Big" time="0"/>
  <testcase classname="at.fhj.iit.StringQueueTest" name="testPeekIsNullBig" time="0"/>
  <testcase classname="at.fhj.iit.StringQueueTest" name="testSequenceRemoveWithNumbers1Big" time="0.26"/>
  <testcase classname="at.fhj.iit.StringQueueTest" name="testSequenceRemoveWithNumbers2Big" time="0.14"/>
  <testcase classname="at.fhj.iit.StringQueueTest" name="testSequenceRemoveWithStrings" time="0.02"/>
  <testcase classname="at.fhj.iit.StringQueueTest" name="testOfferMaxSize" time="0"/>
  <testcase classname="at.fhj.iit.StringQueueTest" name="testSequencePollWithStrings" time="0.02"/>
  <testcase classname="at.fhj.iit.StringQueueTest" name="testPollIsNull" time="0"/>
  <testcase classname="at.fhj.iit.StringQueueTest" name="testSequencePollWithNumbers1" time="0"/>
  <testcase classname="at.fhj.iit.StringQueueTest" name="testSequencePollWithNumbers2" time="0"/>
  <testcase classname="at.fhj.iit.StringQueueTest" name="testOneStringWithElement1Big" time="0.01"/>
  <testcase classname="at.fhj.iit.StringQueueTest" name="testOneStringWithElement2Big" time="0"/>
  <testcase classname="at.fhj.iit.StringQueueTest" name="testPeekIsNull" time="0"/>
  <testcase classname="at.fhj.iit.StringQueueTest" name="testPollIsNullBig" time="0"/>
  <testcase classname="at.fhj.iit.StringQueueTest" name="testElementIsNullBig" time="0"/>
  <testcase classname="at.fhj.iit.StringQueueTest" name="testRemoveFromEmptyQueue" time="0"/>
  <testcase classname="at.fhj.iit.StringQueueTest" name="testSeveralStringsWithElementBig" time="0.07"/>
  <testcase classname="at.fhj.iit.StringQueueTest" name="testSequencePollWithStringsBig" time="0.1"/>
  <testcase classname="at.fhj.iit.StringQueueTest" name="testSequenceRemoveWithNumbers1" time="0"/>
  <testcase classname="at.fhj.iit.StringQueueTest" name="testSequenceRemoveWithNumbers2" time="0.01"/>
  <testcase classname="at.fhj.iit.StringQueueTest" name="testSeveralStringsWithPeek" time="0"/>
  <testcase classname="at.fhj.iit.StringQueueTest" name="testMaxSizeTooLow1" time="0"/>
  <testcase classname="at.fhj.iit.StringQueueTest" name="testMaxSizeTooLow2" time="0"/>
  <testcase classname="at.fhj.iit.StringQueueTest" name="testRemoveFromEmptyQueueBig" time="0"/>
  <testcase classname="at.fhj.iit.StringQueueTest" name="testElementIsNull" time="0.01"/>
  <testcase classname="at.fhj.iit.StringQueueTest" name="testOneStringWithRemove2Big" time="0"/>
  <testcase classname="at.fhj.iit.StringQueueTest" name="testSequencePollWithNumbers1Big" time="0.08"/>
  <testcase classname="at.fhj.iit.StringQueueTest" name="testSequencePollWithNumbers2Big" time="0.07"/>
  <testcase classname="at.fhj.iit.StringQueueTest" name="testDefaultConstructorMaxSize" time="0"/>
  <testcase classname="at.fhj.iit.StringQueueTest" name="testSeveralStringsWithElement" time="0"/>
  <testcase classname="at.fhj.iit.StringQueueTest" name="testOneStringWithPeek1" time="0.01"/>
  <testcase classname="at.fhj.iit.StringQueueTest" name="testOneStringWithPeek2" time="0"/>
  <testcase classname="at.fhj.iit.StringQueueTest" name="testOneStringWithPoll1" time="0"/>
  <testcase classname="at.fhj.iit.StringQueueTest" name="testOneStringWithPoll2" time="0"/>
  <testcase classname="at.fhj.iit.StringQueueTest" name="testSequenceRemoveWithStringsBig" time="0.11"/>
  <testcase classname="at.fhj.iit.StringQueueTest" name="testOneStringWithElement1" time="0.01"/>
  <testcase classname="at.fhj.iit.StringQueueTest" name="testOneStringWithElement2" time="0"/>
  <testcase classname="at.fhj.iit.StringQueueTest" name="testOneStringWithPeek1Big" time="0"/>
  <testcase classname="at.fhj.iit.StringQueueTest" name="testOneStringWithPeek2Big" time="0"/>
  <testcase classname="at.fhj.iit.StringQueueTest" name="testOneStringWithRemove2" time="0"/>
  <testcase classname="at.fhj.iit.StringQueueTest" name="testSeveralStringsWithPeekBig" time="0.03"/>
  <testcase classname="at.fhj.iit.StringQueueTest" name="testOneStringWithRemoveBig" time="0.01"/>
  <testcase classname="at.fhj.iit.StringQueueTest" name="testOneStringWithRemove" time="0"/>
</testsuite>